<?xml version="1.0" encoding="UTF-8"?>
<testng-results skipped="0" failed="0" ignored="0" total="1" passed="1">
  <reporter-output>
  </reporter-output>
  <suite name="Default suite" duration-ms="6178" started-at="2020-05-30T12:32:05Z" finished-at="2020-05-30T12:32:11Z">
    <groups>
    </groups>
    <test name="Default test" duration-ms="6178" started-at="2020-05-30T12:32:05Z" finished-at="2020-05-30T12:32:11Z">
      <class name="com.paytm.assignment.PaytmApiTest">
        <test-method status="PASS" signature="testMovieData()[pri:0, instance:com.paytm.assignment.PaytmApiTest@59f99ea]" name="testMovieData" duration-ms="6139" started-at="2020-05-30T12:32:05Z" finished-at="2020-05-30T12:32:11Z">
          <reporter-output>
          </reporter-output>
        </test-method> <!-- testMovieData -->
      </class> <!-- com.paytm.assignment.PaytmApiTest -->
    </test> <!-- Default test -->
  </suite> <!-- Default suite -->
</testng-results>
